<?xml version="1.0" encoding="UTF-8"?>
<!-- Generated by org.testng.reporters.JUnitReportReporter -->
<testsuite skipped="0" hostname="DESKTOP-2OK7EG7" name="com.SeleniumJava.OhrmTestNg" tests="1" failures="0" timestamp="24 Jul 2019 07:56:44 GMT" time="16.736" errors="0">
  <testcase name="Leave" time="16.736" classname="com.SeleniumJava.OhrmTestNg"/>
</testsuite> <!-- com.SeleniumJava.OhrmTestNg -->
